[    0.000000]nitialiing grupsusys cpset
[    0.000000] Initializing cgrupsubyscp
[   0.000000] Intialiing cgoup ubys cpacct[    .00000] inx ersion4.4.-7-generc (buildd@lcy01-35) (gccversion5.4.0 20160609 (Ubuu 5.4.0-6ubuntu1~16.04.44) ) #10Ubuntu SMP Wed May 17 19:57:27 UTC 2017 (Ubuntu 4.4.0-79.100-generic 4.467)
[  0.0000] ERNEL suportedcpus:
[   0.0000]  ntl enneIntel
[    0.00000]  AMD AuthenticAMD
[    0.000000]   NSC Geode by NSC
[    0.000000]   Cyrix CyrixInstead
[   000000]   Centaur CentaurHaus[   0.000]   Transmeta GeuieTMx86
[    0.000000]   Transmeta TransmetaCPU
[  0.000000]   UMC UC UM UC
[  0.000000] x86/fpu xtateofset[2]:  57, state_size[2]:  256
[    0.000000] x86/fpu: Supporting XSAVE feature 0x01: 'x87 floating point registers'
[    0.000000] x86/fpu: Supporting XSAVE feature 0x02: 'SSE registers'
[    0.000000] x86/fpu: Supporting XSAVE feature 0x04: 'AVX registers'
[    0.000000] x86/fpu: Enabled xstate features 0x7, context size is 832 bytes, using 'standard' format.
[    0.00000] x86/fpu: Using 'lazy' FPU context switches.
[    0.000000] e820: BIOS-provided physical RAM map:
[    0.000000] BIOS-e820: [mem 0x0000000000000000-0x000000000009fbff] usable
[    0.000000] BIOS-e820: [mem 0x000000000009fc00-0x000000000009ffff] reserved
[    0.000000] BIOS-82: [mm 0x00000000000f0000-0x0000000000fffff] reserved
[    0.000000] BIO-e20 [mem 0x0000000000100-0x000000003ffeffff] usable
[    0.00000] BOS-e20: [mem 0x000000003fff0000-0x0000003fffffff] ACPI data
[    0.00000 BIOS-e820: [mem  0x000000fec00000-0x00000000fec00fff] resrvd
[    0.000000] BIOS-e820: [mem 000000000fee000000x00000000fee0ff] reserve
[    0.000000] BIOS-e820: [em 0x0000000fffc0000-0x00000000ffffffff]reerved
[    0.000000] NX (Execute Disable) protection: active
[    0.000000] SMBIOS 2.55 present.
[    0.000000] Hypervisor detected: KVM
[    0.000000] e820: last_pfn = 0x3fff0 max_arch_pfn = 0x1000000
[    0.000000] MTRR: Disabled
[    0.000000] x86/PAT: MTRRs disabled, skipping PAT initialization too.
[    0.000000] x86/PAT: Configuration [0-7]: WB  WT  UC- UC  WB  WT  UC- UC  
[    0.000000] CPU MTRRs all blank - virtualized system.
[    0.000000] found SMP MP-table at [mem 0x0009fff0-0x0009ffff] mapped at [c009fff0]
[    0.000000] Scanning 1 areas for low memory corruption
[    0.000000] RAMDISK: [mem 0x3635c000-0x371a5fff]
[    0.000000] ACPI: Early table checksum verification disabled
[    0.000000] ACPI: RSDP 0x00000000000E0000 000024 (v02 VBOX  )
[   0.000000] ACPI: XSDT 0x000000003FFF0030 00003C (v01 VBOX   VBOXXSDT 00000001 ASL  00000061)
[    0.000000] ACPI: FACP 0x000000003FFF000 0000F4 (v04 VBOX   VBOXFACP 00000001 ASL  00000061)
[    0.000000] ACPI: DSDT 0x000000003FFF0470 00210F (v01 VBOX   VBOXBIOS 00000002 INTL 20100528)
[    0.000000] ACPI: FACS 0x000000003FFF0200 000040
[    0.000000] ACPI: FACS 0x00000003FFF0200 000040
[    0.000000] ACPI: APIC 0x000000003FFF0240 00005C (v02 VBOX   VBOXAPIC 00000001 SL  0000006)
[    0.000000]ACPI: SDT 0x000000003FFF020 0001CC (v1 BOX    BOXCPUT 00000002 INTL 2010058)
    0.00000]131B HIGHEM available.
[    0.000000] 891MB LOWMEM available.
[    0.000000]   mapped low ram: 0 - 37bfe000
[    0.000000]   low ram: 0 - 37bfe000
[    0.000000] kvm-clock: Using msr 4564d01 and 4b564d00
[    0.000000] kvm-clock: cpu 0 msr 037fd00, rimary cpu clok
[   0.00000] kvm-clock: sing shed ofset of 4619647069 cyces
[    0.000000] clocksource: kvm-clock: mas: 0xfffffffffffffff max_ycles: 0x1c42e4dffb, max_idle_ns: 881590591483 ns
[    0.000000] Zone ranges:
[    0.000000]   DMA      [mem 0x0000000000001000-0x0000000000ffffff]
[    0.000000]   Normal   [mem 0x0000000001000000-0x0000000037bfdfff]
[    0.000000]   HighMem  [mem 0x0000000037bfe000-0x000000003ffeffff]
[    0.00000] Movable zone start for each node
[    0.000000] Early memory node ranges
[    0.000000]   node   0: [mem 0x000000000001000-0x000000000009efff]
[    0.000000]   node   0: [mem 0x0000000000100000-0x000000003ffeffff]
[    0.000000] Initmem setup node 0 [mem 0x0000000000001000-0x00000003fefff]
[    000000] Using APIC drier default
[    0.00000] API: PM-Timer IO Port: 0x4008
[   0000000] IOAPIC[0]: apic_id 2, version 32, address 0xfec00000, GSI 0-23
[    0.000000] ACPI: INT_SRC_OVR (bus 0 bus_irq 0 global_irq 2 dfl dfl)
[    0.000000] ACPI: INT_SRC_OVR (bus 0 bus_irq 9 global_irq 9 high level)
[    0.00000] sig ACPI MAT)for SP onfiguration information
[    0.000000] smpboot: Allowing 2 CPUs, 0 hotplug CPUs
[   0.000000] PM: Registre nosave memory: [mem 0x00000000-0x000fff]
[   0.000000]PM:Registered nosave memory: [mem 0x009f000-0x0009ffff
[    0.00000 PM: Registered nosave memory: [mem 0x000a0000-0x000effff]
[    0.000000] PM: Registered nosave memory: [mem 0x000f0000-0x000fffff]
[    0.000000] e820: [mem 0x400000-0xfebfffff] available for PCI devices
[    0.000000] Booting paravirtualized kernel on KVM
[    0.000000] clocksource: refined-jiffies: mask: 0xffffffff max_cycles: 0xffffffff, max_idle_ns: 7645519600211568 ns
[    0.000000] setup_percpu: NR_CPUS:8 nr_cpumask_bits:8 nr_cpu_ids:2 nr_node_ids:1
[    0.000000] PERCPU: Embedded 19 pages/cpu @f71b0000 s47436 r0 d30388 u77824
[    0.000000] PV qspinlock hash table entries: 512 (order: 0, 4096 bytes)
[    0.000000] Built 1 zonelistsin Zone order, mobility grouping on.  tal pages: 259800
[    0.000000] Kernel command line: BOOT_IMAGE=/boot/vmlinuz-4.4.0-79-generic root=UUID=7126f9b2-880d-4296-bb5a-a91d03b8766a  ro console=tty1 cosole=ttyS0
[    0.000000] PID hash table entries: 406 (order: 2, 16384 bytes)
[    0.000000] entry cache hash table entres: 3172 rder: 7, 524288 bytes)
[    0.000000] Inode-cache hash table entries: 65536 (order: 6, 262144 bytes)
[    0.000000] Initializing CPU#0
[    0.000000] Initializing HighMem for node 0 (00037bfe:0003fff0)
[    0.000000] Initializing Movable for node 0 (00000000:00000000)
[    0.000000] Memory: 1008304K/1048120K available (7959K kernel code, 770K rwdata, 3164K rodata, 940K init, 800K bss, 39816K reserved, 0K cma-reserved, 135112K highmem)
[    0.000000] virtual kernel memory layout:
[    0.000000]     fixmap  : 0xfff15000 - 0xfffff000   ( 936 kB)
[    0.000000]     pkmap   : 0xffc00000 - 0xffe00000   (2048 kB)
[    0.000000]     vmalloc : 0xf83fe000 - 0xffbfe000   ( 120 MB)
[    0.000000]     lowmem  : xc000000- 0xf7bfe000   ( 1 MB)
[    0.000000]       .init : 0xc1ba1000 - 0xc1c8c000   ( 940 kB)
[    0.000000]      .data : 0xc17c608b - 0xc1b9fb40   (3942 kB)
[    0.000000]      .text : 0xc10000000 - 0xc17c608b   (7960 kB)
[    0.000000] Checking if this processor honours the WP bit even in supervisor mode...Ok.
[    0.000000] SLUB: HWalign=64, Order=0-3, MinObjects=0, CPUs=2, Nodes=1
[    0.000000] Hierarchical RCU implementation.
[    0.000000] 	Build-time adjustment of leaf fanout to 32.
[    0.000000] 	RCU restricting CPUs from NR_CPUS=8 to nr_cpu_ids=2.
[    0.000000] RCU: Adjusting geometry for rcu_fanout_leaf=32, nr_cpu_ids=2
[    0.000000] NR_IRQS:2304 nr_irqs:440 16
[    0.000000] Console: colour VGA+ 80x25
[    0.000000] console [tty1] enabled
[    0.000000] console [ttyS0] enabled
[    0.000000] allocated 104856 bytes of page_ext
[    0.000000] tsc: Detected 2494.348 MHz processor
[    7.961735] Calibrating delay loop (skipped) preset value.. 4988.69 BogoMIPS (lpj=9977392)
[    7.978366] pid_max: default: 32768 minimum: 301
[    7.979977] ACPI: Core revision 20150930
[    7.987884] ACPI: 2 ACPI AML tables successfully acquired and loaded
[    8.010951] Security Framework initialized
[    8.019401] Yama: becoming mindful.
[    8.037447] AppArmor: AppArmor initialized
[    8.046124] Mount-cache hash table entries: 2048 (order: 1, 8192 bytes)
[    8.099998] Mountpoint-cache hash table entries: 2048 (order: 1, 8192 bytes)
[    8.162816] Initializing cgroup subsys io
[    8.209353] Initializing cgroup subsys memory
[    8.214213] Initializing cgroup subsys devices
[    8.229882] Initializing cgroup subsys freezer
[    8.261052] Initializing cgroup subsys net_cls
[    8.277591] Initializing cgroup subsys perf_event
[    8.318742] Initializing cgroup subsys net_prio
[    8.322948] Initializing cgroup subsys hugetlb
[    8.344027] Initializing cgroup subsys pids
[    8.349088] CPU: Physical Processor ID: 0
[    8.356964] CPU: Processor Core ID: 0
[    8.361950] mce: CPU supports 0 MCE banks
[    8.369971] Last level iTLB entries: 4KB 512, 2MB 8, 4MB 8
[    8.383072] Last level dTLB entries: 4KB 512, 2MB 32, 4MB 32, 1GB 0
[    8.417306] Freeing SMP alternatives memory: 28K (c1c8c000 - c1c93000)
[    8.435197] ftrace: allocating 31409 entries in 62 pages
[    8.536775] smpboot: APIC(0) Converting physical 0 to logical package 0
[    8.557951] smpboot: Max logical packages: 1
[    8.562441] Enabling APIC mode:  Flat.  Using 1 I/O APICs
[    8.576378] ..TIMER: vector=0x30 apic1=0 pin1=2 apic2=-1 pin2=-1
[    8.712373] smpboot: CPU0: Intel(R) Core(TM) i5-3210M CPU @ 2.50GHz (family: 0x6, model: 0x3a, stepping: 0x9)
[    8.769724] Performance Events: unsupported p6 CPU model 58 no PMU driver, software events only.
[    8.803258] KVM setup paravirtual spinlock
[    8.806232] x86: Booting SMP configuration:
[    8.814190] .... node  #0, CPUs:      #1
[1266874885.089904] Initializing CPU#1
[    8.832394] kvm-clock: cpu 1, msr 0:37bfd041, secondary cpu clock
[    8.836355] mce: CPU supports 0 MCE banks
[    8.840875] x86: Booted up 1 node, 2 CPUs
[    8.844020] smpboot: Total of 2 processors activated (9977.39 BogoMIPS)
[    8.859875] devtmpfs: initialized
[    8.862300] evm: security.selinux
[    8.892209] evm: security.SMACK64
[    8.893863] evm: security.SMACK64EXEC
[    8.895306] evm: security.SMACK64TRANSMUTE
[    8.910967] evm: security.SMACK64MMAP
[    8.915093] evm: security.ima
[    8.931839] evm: security.capability
[    8.935494] clocksource: jiffies: mask: 0xffffffff max_cycles: 0xffffffff, max_idle_ns: 7645041785100000 ns
[    8.948827] futex hash table entries: 512 (order: 3, 32768 bytes)
[    8.976867] pinctrl core: initialized pinctrl subsystem
[    8.985104] RTC time:  7:58:04, date: 06/16/17
[    9.009516] NET: Registered protocol family 16
[    9.012804] EISA bus registered
[    9.036839] cpuidle: using governor ladder
[    9.069373] cpuidle: using governor menu
[    9.078486] PCCT header not found.
[    9.083138] ACPI: bus type PCI registered
[    9.092827] acpiphp: ACPI Hot Plug PCI Controller Driver version: 0.5
[    9.110722] PCI : PCI BIOS area is rw and x. Use pci=nobios if you want it NX.
[    9.164966] PCI: PCI BIOS revision 2.10 entry at 0xfda26, last bus=0
[    9.182069] PCI: Using configuration type 1 for base access
[    9.222922] ACPI: Added _OSI(Module Device)
[    9.242140] ACPI: Added _OSI(Processor Device)
[    9.262655] ACPI: Added _OSI(3.0 _SCP Extensions)
[    9.278737] ACPI: Added _OSI(Processor Aggregator Device)
[    9.297788] ACPI: Executed 1 blocks of module-level executable AML code
[    9.349611] ACPI: Interpreter enabled
[    9.367366] ACPI: (supports S0 S5)
[    9.369297] ACPI: Using IOAPIC for interrupt routing
[    9.378319] PCI: Using host bridge windows from ACPI; if necessary, use "pci=nocrs" and report a bug
[    9.407713] ACPI: PCI Root Bridge [PCI0] (domain 0000 [bus 00-ff])
[    9.446567] acpi PNP0A03:00: _OSC: OS supports [ASPM ClockPM Segments MSI]
[    9.497802] acpi PNP0A03:00: _OSC failed (AE_NOT_FOUND); disabling ASPM
[    9.521888] acpi PNP0A03:00: fail to add MMCONFIG information, can't access extended PCI configuration space under this bridge.
[    9.541904] PCI host bridge to bus 0000:00
[    9.562120] pci_bus 0000:00: root bus resource [io  0x0000-0x0cf7 window]
[    9.588964] pci_bus 0000:00: root bus resource [io  0x0d00-0xffff window]
[    9.598237] pci_bus 0000:00: root bus resource [mem 0x000a0000-0x000bffff window]
[    9.628223] pci_bus 0000:00: root bus resource [mem 0x40000000-0xffdfffff window]
[    9.633533] pci_bus 0000:00: root bus resource [bus 00-ff]
[    9.654907] pci 0000:00:01.1: legacy IDE quirk: reg 0x10: [io  0x01f0-0x01f7]
[    9.657955] pci 0000:00:01.1: legacy IDE quirk: reg 0x14: [io  0x03f6]
[    9.660806] pci 0000:00:01.1: legacy IDE quirk: reg 0x18: [io  0x0170-0x0177]
[    9.663905] pci 0000:00:01.1: legacy IDE quirk: reg 0x1c: [io  0x0376]
[    9.697119] pci 0000:00:07.0: quirk: [io  0x4000-0x403f] claimed by PIIX4 ACPI
[    9.714048] pci 0000:00:07.0: quirk: [io  0x4100-0x410f] claimed by PIIX4 SMB
[    9.778445] ACPI: PCI Interrupt Link [LNKA] (IRQs 5 9 10 *11)
[    9.792162] ACPI: PCI Interrupt Link [LNKB] (IRQs 5 9 10 *11)
[    9.831221] ACPI: PCI Interrupt Link [LNKC] (IRQs 5 9 *10 11)
[    9.844585] ACPI: PCI Interrupt Link [LNKD] (IRQs 5 *9 10 11)
[    9.847587] ACPI: Enabled 2 GPEs in block 00 to 07
[    9.868167] vgaarb: setting as boot device: PCI:0000:00:02.0
[    9.872770] vgaarb: device added: PCI:0000:00:02.0,decodes=io+mem,owns=io+mem,locks=none
[    9.879154] vgaarb: loaded
[    9.881479] vgaarb: bridge control possible 0000:00:02.0
[    9.887477] SCSI subsystem initialized
[    9.889195] ACPI: bus type USB registered
[    9.900153] usbcore: registered new interface driver usbfs
[    9.904398] usbcore: registered new interface driver hub
[    9.908184] usbcore: registered new device driver usb
[    9.918722] PCI: Using ACPI for IRQ routing
[    9.929011] NetLabel: Initializing
[    9.932009] NetLabel:  domain hash size = 128
[    9.939646] NetLabel:  protocols = UNLABELED CIPSOv4
[    9.943388] NetLabel:  unlabeled traffic allowed by default
[    9.953606] amd_nb: Cannot enumerate AMD northbridges
[    9.984727] clocksource: Switched to clocksource kvm-clock
[   1.0386] AppArmo ApAmor Filesst Enabled
[ 104883pn P API init
[  19472] pnp PnP ACP found 3 devices
[   11.253306] PnPBIOS: Disabled by ACPI PNP

[  11.31015] losoure:aci_: mask: 0xffffff max_cycles: 0xffffff, max_idle_ns: 2085701024 ns
[  1.725962] NET: Registered protocol family 2

[   11.812716] TCP established hash table entries: 8192 (order: 3, 32768 bytes)
[   11.817978] TCP bind hash table entries: 8192 (order: 4, 65536 bytes)
[  1822266] TCP: Hash taesonigur (stblshd 8192bi 8192)
[   12.499642] DP hash table enris:12 (order: 2, 16384 bytes)
[  17022UD-Lteastae ntries: 12 (rder: 2, 16384 bytes)
[   13.41163 N: Registered protocol family 1
[   13.584437] pci 0000:00:00.0: Limiting direct PCI/PCI transfers
[   13.587198] pci 0000:00:01.0: Activating ISA DMA hang orarnds
[   13.755050] Unpacking initramfs...
[   14.262651] Freeing initrd memory: 14632K (f635c000 - f71a6000)
[   14.316261] RAPL PMU detected, API unit is 2^-32 Joules, 3 fixed counters 10737418240 ms ovfl timer
[   14.339407] hw unit of domain pp0-core 2^-0 Joules
[   14.357725] hw unit of domain package 2^-0 Joules
[   14.400567] hw unit of domain pp1-gpu 2^-0 Joules
[   14.450601] platform rtc_cmos: registered platform RTC device (no PNP device found)
[   14.454831] Scanning for low memory corruption every 60 seconds
[   14.458712] audit: initializing netlink subsys (disabled)
[   14.461469] audit: type=2000 audit(1497599887.097:1): initialized
[   14.465435] Initialise system trusted keyring
[   14.468739] HugeTLB registered 2 MB page size, pre-allocated 0 pages
[   14.478135] zbud: loaded
[   14.480099] VFS: Disk quotas dquot_6.6.0
[   14.482800] VFS: Dquot-cache hash table entries: 1024 (order 0, 4096 bytes)
[   14.487030] squashfs: version 4.0 (2009/01/31) Phillip Lougher
[   14.490550] fuse init (API version 7.23)
[   14.493510] Key type big_key registered
[   14.495460] Allocating IMA MOK and blacklist keyrings.
[   14.503212] Key type asymmetric registered
[   14.506073] Asymmetric key parser 'x509' registered
[   14.508517] bounce: pool size: 64 pages
[   14.513475] Block layer SCSI generic (bsg) driver version 0.4 loaded (major 249)
[   14.518911] io scheduler noop registered
[   14.523503] io scheduler deadline registered (default)
[   14.525506] io scheduler cfq registered
[   14.529064] pci_hotplug: PCI Hot Plug PCI Core version: 0.5
[   14.532460] pciehp: PCI Express Hot Plug Controller Driver version: 0.4
[   14.535225] ACPI: AC Adapter [AC] (on-line)
[   14.540445] input: Power Button as /devices/LNXSYSTM:00/LNXPWRBN:00/input/input0
[   14.565401] ACPI: Power Button [PWRF]
[   14.579734] input: Sleep Button as /devices/LNXSYSTM:00/LNXSLPBN:00/input/input1
[   14.587122] ACPI: Sleep Button [SLPF]
[   14.590394] ACPI: Battery Slot [BAT0] (battery present)
[   14.592436] GHES: HEST is not enabled!
[   14.608695] isapnp: Scanning for PnP cards...
[   14.612995] Serial: 8250/16550 driver, 32 ports, IRQ sharing enabled
[   14.647902] 00:02: ttyS0 at I/O 0x3f8 (irq = 4, base_baud = 115200) is a 16550A
[   14.662769] Linux agpgart interface v0.103
[   14.671572] loop: module loaded
[   14.674476] scsi host0: ata_piix
[   14.678036] scsi host1: ata_piix
[   14.679752] ata1: PATA max UDMA/33 cmd 0x1f0 ctl 0x3f6 bmdma 0xd000 irq 14
[   14.694559] ata2: PATA max UDMA/33 cmd 0x170 ctl 0x376 bmdma 0xd008 irq 15
[   14.739236] libphy: Fixed MDIO Bus: probed
[   14.742234] tun: Universal TUN/TAP device driver, 1.6
[   14.751023] tun: (C) 1999-2004 Max Krasnyansky <maxk@qualcomm.com>
[   14.760466] PPP generic driver version 2.4.2
[   14.768690] ehci_hcd: USB 2.0 'Enhanced' Host Controller (EHCI) Driver
[   14.777279] ehci-pci: EHCI PCI platform driver
[   14.786356] ehci-platform: EHCI generic platform driver
[   14.788750] ohci_hcd: USB 1.1 'Open' Host Controller (OHCI) Driver
[   14.791571] ohci-pci: OHCI PCI platform driver
[   14.801082] ohci-platform: OHCI generic platform driver
[   14.818096] uhci_hcd: USB Universal Host Controller Interface driver
[   14.823076] i8042: PNP: PS/2 Controller [PNP0303:PS2K,PNP0f03:PS2M] at 0x60,0x64 irq 1,12
[   14.836189] serio: i8042 KBD port at 0x60,0x64 irq 1
[   14.844945] serio: i8042 AUX port at 0x60,0x64 irq 12
[   14.847321] mousedev: PS/2 mouse device common for all mice
[   14.852489] input: AT Translated Set 2 keyboard as /devices/platform/i8042/serio0/input/input2
[   14.856261] rtc_cmos rtc_cmos: rtc core: registered rtc_cmos as rtc0
[   14.866064] rtc_cmos rtc_cmos: alarms up to one day, 114 bytes nvram
[   14.869841] i2c /dev entries driver
[   14.871837] device-mapper: uevent: version 1.0.3
[   14.873808] device-mapper: ioctl: 4.34.0-ioctl (2015-10-28) initialised: dm-devel@redhat.com
[   14.877686] platform eisa.0: Probing EISA bus 0
[   14.890452] platform eisa.0: EISA: Cannot allocate resource for mainboard
[   14.916202] platform eisa.0: Cannot allocate resource for EISA slot 1
[   14.920563] platform eisa.0: Cannot allocate resource for EISA slot 2
[   14.925006] platform eisa.0: Cannot allocate resource for EISA slot 3
[   14.930151] platform eisa.0: Cannot allocate resource for EISA slot 4
[   14.943973] platform eisa.0: Cannot allocate resource for EISA slot 5
[   14.948137] platform eisa.0: Cannot allocate resource for EISA slot 6
[   14.950846] platform eisa.0: Cannot allocate resource for EISA slot 7
[   14.962673] platform eisa.0: Cannot allocate resource for EISA slot 8
[   14.965996] platform eisa.0: EISA: Detected 0 cards
[   14.982666] cpufreq-nforce2: No nForce2 chipset.
[   14.986753] ledtrig-cpu: registered to indicate activity on CPUs
[   14.995754] isapnp: No Plug & Play device found
[   15.007526]NE: Registered protocol family 10

[  5.10160NET: Registered protocol family 17
[   15.308500] Key type dns_resolver registered
[   15.312711] microcode: CPU0 sig=0x306a9, pf=0x2, revision=0x19

[   15.317638] microcode: CPU1 sig=0x306a9, pf=0x2, revision=0x19
[   15.319667] microcode: Microcode Update Driver: v2.01 <tigran@aivazian.fsnet.co.uk>, Peter Oruba
[   15.323733] Using IPI No-Shortct mode
[   15.364431] registered taksats version 1
[  144910]sc: Refined TSC clocksource calibration: 2494.231 MHz

[   15.449175] clocksource: tsc: mask: 0xffffffffffffffff max_cycles: 0x23f3f043df5, max_idle_ns: 440795318875 ns[  1.794] oaing compiled-in X.509certificates

[   16.145300] Loaded X.50 crt'Bild time utogenerated kernel key: 3f033eeac9938570fa5d4369bd875cd56a754'

[   16.577405] zswap: loaded using pool lzo/zbud
[   16.587478] Key type trusted registered
[   16.618643] Key type encrypted registered
[   16.621333] AppArmor: AppArmor sha1 policy hashing enabled
[   16.635229] ima: No TPM chip found, activating TPM-bypass!
[   16.644694] evm: HMAC attrs: 0x1
[   16.654978]   Magic number: 5:385:976
[   16.658539] rtc_cmos rtc_cmos: setting system clock to 2017-06-16 07:58:12 UTC (1497599892)
[   16.679059] BIOS EDD facility v0.16 2004-Jun-25, 0 devices found
[   16.687453] EDD information not available.
[   16.693185] Freeing unused kernel memory: 940K (c1ba1000 - c1c8c000)
[   16.696685] Write protecting the kernel text: 7964k
[   16.707191] Write protecting the kernel read-only data: 3168k
[   16.709421] NX-protecting the kernel data: 6372k
Loading, please wait...
starting version[   16.745108] random: systemd-udevd: uninitialized urandom read (16 bytes read, 1 bits of entropy available)
 229
[   16.746578] random: udevadm: uninitialized urandom read (16 bytes read, 1 bits of entropy available)
[   16.746763] random: udevadm: uninitialized urandom read (16 bytes read, 1 bits of entropy available)
[   16.747068] random: udevadm: uninitialized urandom read (16 bytes read, 1 bits of entropy available)
[   16.747344] random: udevadm: uninitialized urandom read (16 bytes read, 1 bits of entropy available)
[   16.747526] random: udevadm: uninitialized urandom read (16 bytes read, 1 bits of entropy available)
[   16.747772] random: udevadm: uninitialized urandom read (16 bytes read, 1 bits of entropy available)
[   16.747941] random: udevadm: uninitialized urandom read (16 bytes read, 1 bits of entropy available)
[   16.748104] random: udevadm: uninitialized urandom read (16 bytes read, 1 bits of entropy available)
[   16.748423] random: udevadm: uninitialized urandom read (16 bytes read, 1 bits of entropy available)
[   17.024726] e1000: Intel(R) PRO/1000 Network Driver - version 7.3.21-k8-NAPI
[   17.036038] e1000: Copyright (c) 1999-2006 Intel Corporation.
[   17.042302] Fusion MPT base driver 3.04.20
[   17.061808] Copyright (c) 1999-2008 LSI Corporation
[   17.196780] Fusion MPT SPI Host driver 3.04.20
[   17.320302] input: ImExPS/2 Generic Explorer Mouse as /devices/platform/i8042/serio1/input/input4
[   17.616092] e1000 0000:00:03.0 eth0: (PCI:33MHz:32-bit) 02:fa:5a:39:80:cd
[   17.643686] e1000 0000:00:03.0 eth0: Intel(R) PRO/1000 Network Connection
[   17.680498] mptbase: ioc0: Initiating bringup
[   17.758087] ioc0: LSI53C1030 A0: Capabilities={Initiator}
[   17.927823] scsi host2: ioc0: LSI53C1030 A0, FwRev=00000000h, Ports=1, MaxQ=256, IRQ=20
[   18.049863] scsi 2:0:0:0: Direct-Access     VBOX     HARDDISK         1.0  PQ: 0 ANSI: 5
[   18.105605] scsi target2:0:0: Beginning Domain Validation
[   18.137565] scsi target2:0:0: Domain Validation skipping write tests
[   18.147831] scsi target2:0:0: Ending Domain Validation
[   18.150999] scsi target2:0:0: asynchronous
[   18.161676] scsi 2:0:1:0: Direct-Access     VBOX     HARDDISK         1.0  PQ: 0 ANSI: 5
[   18.174352] scsi target2:0:1: Beginning Domain Validation
[   18.179931] scsi target2:0:1: Domain Validation skipping write tests
[   18.190158] scsi target2:0:1: Ending Domain Validation
[   18.208857] scsi target2:0:1: asynchronous
[   18.250108] sd 2:0:0:0: Attached scsi generic sg0 type 0
[   18.253976] sd 2:0:0:0: [sda] 20971520 512-byte logical blocks: (10.7 GB/10.0 GiB)
[   18.279245] sd 2:0:1:0: Attached scsi generic sg1 type 0
[   18.283559] sd 2:0:1:0: [sdb] 20480 512-byte logical blocks: (10.5 MB/10.0 MiB)
[   18.303352] sd 2:0:0:0: [sda] Write Protect is off
[   18.331784] sd 2:0:1:0: [sdb] Write Protect is off
[   18.334158] sd 2:0:0:0: [sda] Incomplete mode parameter data
[   18.343107] sd 2:0:0:0: [sda] Assuming drive cache: write through
[   18.370471] sd 2:0:1:0: [sdb] Incomplete mode parameter data
[   18.372914] sd 2:0:1:0: [sdb] Assuming drive cache: write through
[   18.429123]  sda: sda1
[   18.447574] sd 2:0:0:0: [sda] Attached SCSI disk
[   18.459413] sd 2:0:1:0: [sdb] Attached SCSI disk
[   18.529734] e1000 0000:00:08.0 eth1: (PCI:33MHz:32-bit) 08:00:27:d4:d0:75
[   18.542475] e1000 0000:00:08.0 eth1: Intel(R) PRO/1000 Network Connection
[   18.596528] e1000 0000:00:08.0 enp0s8: renamed from eth1
[   18.637374] e1000 0000:00:03.0 enp0s3: renamed from eth0
[   20.037327] floppy0: no floppy controllers found
Begin: Loading essential drivers ... [   21.899939] md: linear personality registered for level -1
[   21.929683] md: multipath personality registered for level -4
[   21.968286] md: raid0 personality registered for level 0
[   22.000441] md: raid1 personality registered for level 1
[   22.120873] raid6: mmxx1    gen()  2341 MB/s
[   22.212915] raid6: mmxx2    gen()  2354 MB/s
[   22.304921] raid6: sse1x1   gen()  1813 MB/s
[   22.396996] raid6: sse1x2   gen()  2356 MB/s
[   22.509218] raid6: sse2x1   gen()  3885 MB/s
[   22.600917] raid6: sse2x1   xor()  3221 MB/s
[   22.697542] raid6: sse2x2   gen()  5209 MB/s
[   22.772976] raid6: sse2x2   xor()  3502 MB/s
[   22.784168] raid6: using algorithm sse2x2 gen() 5209 MB/s
[   22.787243] raid6: .... xor() 3502 MB/s, rmw enabled
[   22.793490] raid6: using ssse3x1 recovery algorithm
[   22.802163] xor: automatically using best checksumming function:
[   22.844944]    avx       :  8920.000 MB/sec
[   22.867059] async_tx: api initialized (async)
[   22.937640] md: raid6 personality registered for level 6
[   22.952635] md: raid5 personality registered for level 5
[   22.960167] md: raid4 personality registered for level 4
[   22.983683] md: raid10 personality registered for level 10
done.
Begin: Running /scripts/init-premount ... done.
Begin: Mounting root file system ... Begin: Running /scripts/local-top ... done.
Begin: Running /scripts/local-premount ... [   23.099741] Btrfs loaded
Scanning for Btrfs filesystems
done.
Warning: fsck not present, so skipping root file system
[   23.276520] EXT4-fs (sda1): mounted filesystem with ordered data mode. Opts: (null)
done.
Begin: Running /scripts/local-bottom ... done.
Begin: Running /scripts/init-bottom ... done.
[   23.987413] random: nonblocking pool is initialized
[   24.049089] systemd[1]: systemd 229 running in system mode. (+PAM +AUDIT +SELINUX +IMA +APPARMOR +SMACK +SYSVINIT +UTMP +LIBCRYPTSETUP +GCRYPT +GNUTLS +ACL +XZ -LZ4 +SECCOMP +BLKID +ELFUTILS +KMOD -IDN)
[   24.113642] systemd[1]: Detected virtualization oracle.
[   24.122210] systemd[1]: Detected architecture x86.

Welcome to [1mUbuntu 16.04.2 LTS[0m!

[   24.238678] systemd[1]: Set hostname to <ubuntu-xenial>.
[   25.589784] systemd[1]: Reached target User and Group Name Lookups.
[[0;32m  OK  [0m] Reached target User and Group Name Lookups.
[   25.604002] systemd[1]: Listening on Device-mapper event daemon FIFOs.
[[0;32m  OK  [0m] Listening on Device-mapper event daemon FIFOs.
[   25.612555] systemd[1]: Listening on Journal Socket.
[[0;32m  OK  [0m] Listening on Journal Socket.
[   25.629310] systemd[1]: Started Trigger resolvconf update for networkd DNS.
[[0;32m  OK  [0m] Started Trigger resolvconf update for networkd DNS.
[   25.643437] systemd[1]: Listening on Syslog Socket.
[[0;32m  OK  [0m] Listening on Syslog Socket.
[   25.663046] systemd[1]: Listening on Journal Audit Socket.
[[0;32m  OK  [0m] Listening on Journal Audit Socket.
[   25.686986] systemd[1]: Created slice User and Session Slice.
[[0;32m  OK  [0m] Created slice User and Session Slice.
[   25.706335] systemd[1]: Reached target Encrypted Volumes.
[[0;32m  OK  [0m] Reached target Encrypted Volumes.
[   25.769518] systemd[1]: Listening on Journal Socket (/dev/log).
[[0;32m  OK  [0m] Listening on Journal Socket (/dev/log).
[   25.782395] systemd[1]: Listening on udev Control Socket.
[[0;32m  OK  [0m] Listening on udev Control Socket.
[   25.791967] systemd[1]: Listening on LVM2 poll daemon socket.
[[0;32m  OK  [0m] Listening on LVM2 poll daemon socket.
[   25.833811] systemd[1]: Started Forward Password Requests to Wall Directory Watch.
[[0;32m  OK  [0m] Started Forward Password Requests to Wall Directory Watch.
[   25.861159] systemd[1]: Set up automount Arbitrary Executable File Formats File System Automount Point.
[[0;32m  OK  [0m] Set up automount Arbitrary Executab...ats File System Automount Point.
[   25.944608] systemd[1]: Listening on /dev/initctl Compatibility Named Pipe.
[[0;32m  OK  [0m] Listening on /dev/initctl Compatibility Named Pipe.
[   25.970182] systemd[1]: Created slice System Slice.
[[0;32m  OK  [0m] Created slice System Slice.
[   26.001350] systemd[1]: Starting Uncomplicated firewall...
         Starting Uncomplicated firewall...
[   26.024065] systemd[1]: Created slice system-serial\x2dgetty.slice.
[[0;32m  OK  [0m] Created slice system-serial\x2dgetty.slice.
[   26.069124] systemd[1]: Mounting Huge Pages File System...
         Mounting Huge Pages File System...
[   26.137389] systemd[1]: Starting Load Kernel Modules...
         Starting Load Kernel Modules...
[   26.205532] systemd[1]: Starting Journal Service...
         Starting Journal Service...
[   26.223175] systemd[1]: Mounting Debug File System...
[   26.230371] Loading iSCSI transport class v2.0-870.
         Mounting Debug File System...
[   26.281967] systemd[1]: Starting Create list of required static device nodes for the current kernel...
         Starting Create list of required st... nodes for[   26.330458] iscsi: registered transport (tcp)
 the current kernel...
[   26.393176] systemd[1]: Starting Remount Root and Kernel File Systems...
         Starting Remount Root and Kernel File Systems...
[   26.422398] systemd[1]: Reached target Slices.
[[0;32m  OK  [0m] Reached targe[   26.430773] EXT4-fs (sda1): re-mounted. Opts: (null)
t Slices.
[   26.485230] systemd[1]: Starting Set console keymap...
         Starting Set console keymap...
[   26.521341] systemd[1]: Listening on LVM2 metadata daemon socket.
[[0;32m  OK  [0m] Listening on LVM2 metadata daemon socket.
[   26.585261] systemd[1]: Starting Monitoring of LVM2 mirrors, snapshots etc. using dmeventd or progress polling...
         Starting Monitoring of LVM2 mirrors... dmeventd or progress poll[   26.633068] iscsi: registered transport (iser)
ing...
[   26.662437] systemd[1]: Reached target Swap.
[[0;32m  OK  [0m] Reached target Swap.
[   26.721083] systemd[1]: Mounting POSIX Message Queue File System...
         Mounting POSIX Message Queue File System...
[   26.777377] systemd[1]: Listening on udev Kernel Socket.
[[0;32m  OK  [0m] Listening on udev Kernel Socket.
[   26.793420] systemd[1]: Starting Nameserver information manager...
         Starting Nameserver information manager...
[   26.838984] systemd[1]: Mounted POSIX Message Queue File System.
[[0;32m  OK  [0m] Mounted POSIX Message Queue File System.
[   26.914068] systemd[1]: Mounted Huge Pages File System.
[[0;32m  OK  [0m] Mounted Huge Pages File System.
[   26.94910] systemd[]: Mountd Debug File System.

[[0;32m  OK  [0m] Mounted Debug File System.
[   27.217732] systemd[1]: Started Journal Service

[[0;32m  OK  [0m] Started Journal Service.
[[0;32m  OK  [0m] Started Uncomplicated firewall.
[[0;32m  OK  [0m] Started Load Kernel Modules.
[[0;32m  OK  [0m] Started Create list of required sta...ce nodes for the current kernel.
[[0;32m  OK  [0m] Started Remount Root and Kernel File Systems.
[[0;32m  OK  [0m] Started Set console keymap.
[[0;32m  OK  [0m] Started Nameserver information manager.
[[0;32m  OK  [0m] Started LVM2 metadata daemon.
         Starting udev Coldplug all Devices...
         Starting Initial cloud-init job (pre-networking)...
         Starting Load/Save Random Seed...
         Starting Create Static Device Nodes in /dev...
         Starting Apply Kernel Variables...
         Mounting FUSE Control File System...
         Starting Flush Journal to Persistent Storage...
[[0;32m  OK  [0m] Mounted FUSE Control File System.
[[0;32m  OK  [0m] Started Load/Save Random Seed.
[[0;32m  OK  [0m] Started Apply Kernel Variables.
[[0;32m  OK  [0m] Started udev Coldplug all Devices.
[[0;32m  OK  [0m] Started Flush Journal to Persistent Storage.
[[0;32m  OK  [0m] Started Monitoring of LVM2 mirrors,...ng dmeventd or progress polling.
[[0;32m  OK  [0m] Started Create Static Device Nodes in /dev.
         Starting udev Kernel Device Manager...
[[0;32m  OK  [0m] Started udev Kernel Device Manager.
[[0;32m  OK  [0m] Reached target Local File Systems (Pre).
[[0;32m  OK  [0m] Reached target Local File Systems.
         Starting LSB: AppArmor initialization...
         Starting Create Volatile Files and Directories...
         Starting Tell Plymouth To Write Out Runtime Data...
         Starting Set console font and keymap...
[[0;32m  OK  [0m] Started Dispatch Password Requests to Console Directory Watch.
[[0;32m  OK  [0m] Started Tell Plymouth To Write Out Runtime Data.
[[0;32m  OK  [0m] Found device /dev/ttyS0.
[[0;32m  OK  [0m] Found device 82540EM Gigabit Ethern...r (PRO/1000 MT Desktop Adapter).
[[0;32m  OK  [0m] Found device 82540EM Gigabit Ethern...r (PRO/1000 MT Desktop Adapter).
[[0;32m  OK  [0m] Started Set console font and keymap.
[[0;32m  OK  [0m] Created slice system-getty.slice.
[[0;32m  OK  [0m] Listening on Load/Save RF Kill Switch Status /dev/rfkill Watch.
[[0;32m  OK  [0m] Started LSB: AppArmor initialization.
[   38.293425] cloud-init[429]: Cloud-init v. 0.7.9 running 'init-local' at Fri, 16 Jun 2017 07:58:41 +0000. Up 35.77 seconds.
[[0;32m  OK  [0m] Started Initial cloud-init job (pre-networking).
[[0;32m  OK  [0m] Reached target Network (Pre).
         Starting Raise network interfaces...
[[0;32m  OK  [0m] Started ifup for enp0s8.
[[0;32m  OK  [0m] Started ifup for enp0s3.
[[0;32m  OK  [0m] Started Raise network interfaces.
         Starting Initial cloud-init job (metadata service crawler)...
[[0;32m  OK  [0m] Reached target Network.
[   43.019703] cloud-init[1035]: Cloud-init v. 0.7.9 running 'init' at Fri, 16 Jun 2017 07:58:45 +0000. Up 40.49 seconds.
[   43.097018] cloud-init[1035]: ci-info: ++++++++++++++++++++++++++++++++++++++Net device info++++++++++++++++++++++++++++++++++++++
[   43.157282] cloud-init[1035]: ci-info: +--------+------+-----------------------------+---------------+-------+-------------------+
[[0;32m  OK  [0m] Started Initial cloud-init job (metadata service crawler).
[   43.157826] cloud-init[1035]: ci-info: | Device |  Up  |           Address           |      Mask     | Scope |     Hw-Address    |
[   43.368953] cloud-init[1035]: ci-info: +--------+------+-----------------------------+---------------+-------+-------------------+
[   43.369721] cloud-init[1035]: ci-info: | enp0s8 | True |        192.168.22.22        | 255.255.255.0 |   .   | 08:00:27:d4:d0:75 |
[[0;32m  OK  [0m] Reached target Network is Online.
[   43.370063] cloud-init[1035]: ci-info: | enp0s8 | True | fe80::a00:27ff:fed4:d075/64 |       .       |  link | 08:00:27:d4:d0:75 |
[   43.417014] cloud-init[1035]: ci-info: |   lo   | True |          127.0.0.1          |   255.0.0.0   |   .   |         .         |
[   43.424203] cloud-init[1035]: ci-info: |   lo   | True |           ::1/128           |       .       |  host |         .         |
[   43.424699] cloud-init[1035]: ci-info: | enp0s3 | True |          10.0.2.15          | 255.255.255.0 |   .   | 02:fa:5a:39:80:cd |
         Starting iSCSI initiator daemon (iscsid)...
[   43.428053] cloud-init[1035]: ci-info: | enp0s3 | True |  fe80::fa:5aff:fe39:80cd/64 |       .       |  link | 02:fa:5a:39:80:cd |
[[   43.475683] [0;32m  OK  [0mcloud-init] [1035]: Reached target Cloud-config availability.ci-info: +--------+------+-----------------------------+---------------+-------+-------------------+

[   43.475962] cloud-init[1035]: ci-info: ++++++++++++++++++++++++++++Route IPv4 info++++++++++++++++++++++++++++
[   43.587539] cloud-init[1035]: ci-info: +-------+--------------+----------+---------------+-----------+-------+
[   43.619556] cloud-init[1035]: ci-info: | Route | Destination  | Gateway  |    Genmask    | Interface | Flags |
[   43.654736] cloud-init[1035]: ci-info: +-------+--------------+----------+---------------+-----------+-------+
[   43.685092] cloud-init[1035]: ci-info: |   0   |   0.0.0.0    | 10.0.2.2 |    0.0.0.0    |   enp0s3  |   UG  |
[   43.719066] cloud-init[1035]: ci-info: |   1   |   10.0.2.0   | 0.0.0.0  | 255.255.255.0 |   enp0s3  |   U   |
[   43.786671] cloud-init[1035]: ci-info: |   2   | 192.168.22.0 | 0.0.0.0  | 255.255.255.0 |   enp0s8  |   U   |
[   43.787510] cloud-init[1035]: ci-info: +-------+--------------+----------+---------------+-----------+-------+
[[0;32m  OK  [0m] Started iSCSI initiator daemon (iscsid).
         Starting Login to default iSCSI targets...
[[0;32m  OK  [0m] Started Login to default iSCSI targets.
[[0;32m  OK  [0m] Reached target Remote File Systems (Pre).
[[0;32m  OK  [0m] Reached target Remote File Systems.
[[0;32m  OK  [0m] Started Create Volatile Files and Directories.
[[0;32m  OK  [0m] Reached target System Time Synchronized.
         Starting Update UTMP about System Boot/Shutdown...
[[0;32m  OK  [0m] Started Update UTMP about System Boot/Shutdown.
[[0;32m  OK  [0m] Reached target System Initialization.
[[0;32m  OK  [0m] Started Daily Cleanup of Temporary Directories.
[[0;32m  OK  [0m] Started ACPI Events Check.
[[0;32m  OK  [0m] Reached target Paths.
[[0;32m  OK  [0m] Listening on UUID daemon activation socket.
         Starting Socket activation for snappy daemon.
[[0;32m  OK  [0m] Listening on D-Bus System Message Bus Socket.
[[0;32m  OK  [0m] Listening on ACPID Listen Socket.
[[0;32m  OK  [0m] Started Timer to automatically refresh installed snaps.
[[0;32m  OK  [0m] Started Daily apt activities.
[[0;32m  OK  [0m] Reached target Timers.
         Starting LXD - unix socket.
[[0;32m  OK  [0m] Listening on Socket activation for snappy daemon.
[[0;32m  OK  [0m] Listening on LXD - unix socket.
[[0;32m  OK  [0m] Reached target Sockets.
[[0;32m  OK  [0m] Reached target Basic System.
         Starting The PHP 7.0 FastCGI Process Manager...
[[0;32m  OK  [0m] Started ACPI event daemon.
[[0;32m  OK  [0m] Started D-Bus System Message Bus.
         Starting Apply the settings specified in cloud-config...
         Starting MySQL Community Server...
[[0;32m  OK  [0m] Started Unattended Upgrades Shutdown.
         Starting System Logging Service...
         Starting Accounts Service...
         Starting Daily apt activities...
[[0;32m  OK  [0m] Started memcached daemon.
         Starting LSB: Record successful boot for GRUB...
         Starting LSB: automatic crash report generation...
[[0;32m  OK  [0m] Started Regular background program processing daemon.
         Starting /etc/rc.local Compatibility...
         Starting LSB: MD monitoring daemon...
[[0;32m  OK  [0m] Started FUSE filesystem for LXC.
         Starting LXD - container startup/shutdown...
[[0;32m  OK  [0m] Started Deferred execution scheduler.
         Starting LSB: VirtualBox Linux Additions...
         Starting OpenBSD Secure Shell server...
         Starting LSB: Set the CPU Frequency Scaling governor to "ondemand"...
         Starting LSB: Apache2 web server...
[   80.777595] cloud-init[1120]: Cloud-init v. 0.7.9 running 'modules:config' at Fri, 16 Jun 2017 07:59:25 +0000. Up 80.04 seconds.
         Starting Login Service...
         Starting LSB: daemon to balance interrupts for SMP systems...
         Starting Permit User Sessions...
         Starting Advanced key-value store...
[[0;32m  OK  [0m] Started Snappy daemon.
         Starting Auto import assertions from block devices...
[[0;32m  OK  [0m] Started System Logging Service.
[[0;32m  OK  [0m] Started Apply the settings specified in cloud-config.
[[0;32m  OK  [0m] Started /etc/rc.local Compatibility.
[[0;32m  OK  [0m] Started Permit User Sessions.
[[0;32m  OK  [0m] Started Auto import assertions from block devices.
[[0;32m  OK  [0m] Started The PHP 7.0 FastCGI Process Manager.
[[0;32m  OK  [0m] Started OpenBSD Secure Shell server.
[[0;32m  OK  [0m] Started LSB: automatic crash report generation.
[[0;32m  OK  [0m] Started LSB: Record successful boot for GRUB.
[[0;32m  OK  [0m] Started LSB: Set the CPU Frequency Scaling governor to "ondemand".
[[0;32m  OK  [0m] Started LSB: daemon to balance interrupts for SMP systems.
         Starting Hold until boot process finishes up...
         Starting Terminate Plymouth Boot Screen...
[[0;32m  OK  [0m] Started Hold until boot process finishes up.
[[0;32m  OK  [0m] Started LSB: MD monitoring daemon.
[[0;32m  OK  [0m] Started Terminate Plymouth Boot Screen.
[[0;32m  OK  [0m] Started Getty on tty1.
         Starting Set console scheme...
[[0;32m  OK  [0m] Started Serial Getty on ttyS0.
[[0;32m  OK  [0m] Reached target Login Prompts.
[[0;32m  OK  [0m] Started Set console scheme.
[[0;32m  OK  [0m] Started LSB: VirtualBox Linux Additions.
[[0;32m  OK  [0m] Started Advanced key-value store.
[[0;32m  OK  [0m] Started LXD - container startup/shutdown.

Ubuntu 16.04.2 LTS ubuntu-xenial ttyS0

ubuntu-xenial login: [[0;32m  OK  [0m] Stopped target Timers.
[[0;32m  OK  [0m] Stopped Daily Cleanup of Temporary Directories.
[[0;32m  OK  [0m] Stopped Daily apt activie         Stopping Unattended Upgrades Shutdown...
         Stopping LSB: VirtualBox Linux Additions...
         Stopping MySQL Community Server...
         Stopping LSB: automatic crash report generation...
         Starting Update UTMP about System Runlevel Changes...
[[0;32m  OK  [0m] Unmounted /var/lib/lxcfs.
[[0;32m  OK  [0m] Stopped ACPI event daemon.
[[0;32m  OK  [0m] Stopped System Logging Service.
[[0;32m  OK  [0m] Stopped memcached daemon.
[[0;32m  OK  [0m] Stopped Regular background program processing daemon.
[[0;32m  OK  [0m] Stopped Deferred execution scheduler.
[[0;32m  OK  [0m] Stopped OpenBSD Secure Shell server.
[[0;32m  OK  [0m] Stopped Snappy daemon.
[[0;32m  OK  [0m] Stopped The PHP 7.0 FastCGI Process Manager.
[[0;32m  OK  [0m] Stopped Getty on tty1.
[[0;32m  OK  [0m] Stopped Serial Getty on ttyS0.
[[0;32m  OK  [0m] Stopped Login Service.
[[0;32m  OK  [0m] Stopped D-Bus System Message Bus.
[[0;32m  OK  [0m] Stopped Unattended Upgrades Shutdown.
[[0;32m  OK  [0m] Stopped FUSE filesystem for LXC.
[[0;32m  OK  [0m] Stopped Advanced key-value store.
[[0;32m  OK  [0m] Stopped LSB: Set the CPU Frequency Scaling governor to "ondemand".
[[0;32m  OK  [0m] Stopped LSB: MD monitoring daemon.
[[0;32m  OK  [0m] Stopped LXD - container startup/shutdown.
[[0;32m  OK  [0m] Stopped LSB: daemon to balance interrupts for SMP systems.
[[0;32m  OK  [0m] Stopped LSB: Record successful boot for GRUB.
[[0;32m  OK  [0m] Stopped LSB: VirtualBox Linux Additions.
[[0;32m  OK  [0m] Started Update UTMP about System Runlevel Changes.
[[0;32m  OK  [0m] Stopped LSB: automatic crash report generation.
[[0;32m  OK  [0m] Removed slice system-serial\x2dgetty.slice.
[[0;32m  OK  [0m] Stopped /etc/rc.local Compatibility.
         Stopping Permit User Sessions...
[[0;32m  OK  [0m] Removed slice system-getty.slice.
[[0;32m  OK  [0m] Stopped Permit User Sessions.
[[0;32m  OK  [0m] Stopped target User and Group Name Lookups.
[[0;32m  OK  [0m] Stopped MySQL Community Server.
[[0;32m  OK  [0m] Stopped LSB: Apache2 web server.
[[0;32m  OK  [0m] Stopped target Remote File Systems.
[[0;32m  OK  [0m] Stopped target Remote File Systems (Pre).
         Stopping Login to default iSCSI targets...
[[0;32m  OK  [0m] Stopped target Basic System.
[[0;32m  OK  [0m] Stopped target Paths.
[[0;32m  OK  [0m] Stopped ACPI Events Check.
[[0;32m  OK  [0m] Stopped Forward Password Requests to Wall Directory Watch.
[[0;32m  OK  [0m] Stopped Dispatch Password Requests to Console Directory Watch.
[[0;32m  OK  [0m] Stopped target Slices.
[[0;32m  OK  [0m] Removed slice User and Session Slice.
[[0;32m  OK  [0m] Stopped target Sockets.
[[0;32m  OK  [0m] Closed UUID daemon activation socket.
[[0;32m  OK  [0m] Closed Syslog Socket.
[[0;32m  OK  [0m] Closed LXD - unix socket.
[[0;32m  OK  [0m] Closed ACPID Listen Socket.
[[0;32m  OK  [0m] Closed Socket activation for snappy daemon.
[[0;32m  OK  [0m] Closed D-Bus System Message Bus Socket.
[[0;32m  OK  [0m] Stopped target System Initialization.
[[0;32m  OK  [0m] Stopped Create Volatile Files and Directories.
         Stopping Load/Save Random Seed...
[[0;32m  OK  [0m] Stopped target Swap.
[[0;32m  OK  [0m] Stopped target Encrypted Volumes.
[[0;32m  OK  [0m] Stopped Load/Save Random Seed.
[[0;32m  OK  [0m] Stopped Login to default iSCSI targets.
         Stopping iSCSI initiator daemon (iscsid)...
[[0;32m  OK  [0m] Stopped iSCSI initiator daemon (iscsid).
[[0;32m  OK  [0m] Stopped target Network is Online.
[[0;32m  OK  [0m] Stopped Initial cloud-init job (metadata service crawler).
[[0;32m  OK  [0m] Stopped target Network.
         Stopping Raise network interfaces...
[[0;32m  OK  [0m] Stopped Raise network interfaces.
[[0;32m  OK  [0m] Stopped target Local File Systems.
         Unmounting /vagrant...
[[0;32m  OK  [0m] Stopped target Network (Pre).
[[0;32m  OK  [0m] Stopped Initial cloud-init job (pre-networking).
[[0;32m  OK  [0m] Stopped Apply Kernel Variables.
[[0;32m  OK  [0m] Stopped Load Kernel Modules.
[[0;32m  OK  [0m] Unmounted /vagrant.
[[0;32m  OK  [0m] Reached target Unmount All Filesystems.
[[0;32m  OK  [0m] Stopped target Local File Systems (Pre).
[[0;32m  OK  [0m] Stopped Create Static Device Nodes in /dev.
[[0;32m  OK  [0m] Stopped Remount Root and Kernel File Systems.
[[0;32m  OK  [0m] Reached target Shutdown.
[[0;32m  OK  [0m] Reached target Final Step.
         Starting Power-Off...
         Stopping Monitoring of LVM2 mirrors... dmeventd or progress polling...
[[0;32m  OK  [0m] Stopped Monitoring of LVM2 mirrors,...ng dmeventd or progress polling.
[1740.2072]reoo Perdo